[3.244s] DEBUG:colcon:Command line arguments: ['/usr/bin/colcon', 'build']
[3.244s] DEBUG:colcon:Parsed command line arguments: Namespace(allow_overriding=[], ament_cmake_args=None, base_paths=['.'], build_base='build', catkin_cmake_args=None, catkin_skip_building_tests=False, cmake_args=None, cmake_clean_cache=False, cmake_clean_first=False, cmake_force_configure=False, cmake_target=None, cmake_target_skip_unavailable=False, continue_on_error=False, event_handlers=None, executor='parallel', ignore_user_meta=False, install_base='install', log_base=None, log_level=None, main=<bound method BuildVerb.main of <colcon_core.verb.build.BuildVerb object at 0x7f12bfd85a00>>, merge_install=False, metas=['./colcon.meta'], packages_above=None, packages_above_and_dependencies=None, packages_above_depth=None, packages_end=None, packages_ignore=None, packages_ignore_regex=None, packages_select=None, packages_select_build_failed=False, packages_select_by_dep=None, packages_select_regex=None, packages_select_test_failures=False, packages_skip=None, packages_skip_build_finished=False, packages_skip_by_dep=None, packages_skip_regex=None, packages_skip_test_passed=False, packages_skip_up_to=None, packages_start=None, packages_up_to=None, packages_up_to_regex=None, parallel_workers=12, paths=None, symlink_install=False, test_result_base=None, verb_extension=<colcon_core.verb.build.BuildVerb object at 0x7f12bfd85a00>, verb_name='build', verb_parser=<colcon_defaults.argument_parser.defaults.DefaultArgumentsDecorator object at 0x7f12bf9b8ee0>)
[3.387s] Level 1:colcon.colcon_core.package_discovery:discover_packages(colcon_meta) check parameters
[3.387s] Level 1:colcon.colcon_core.package_discovery:discover_packages(recursive) check parameters
[3.387s] Level 1:colcon.colcon_core.package_discovery:discover_packages(ignore) check parameters
[3.387s] Level 1:colcon.colcon_core.package_discovery:discover_packages(path) check parameters
[3.387s] Level 1:colcon.colcon_core.package_discovery:discover_packages(colcon_meta) discover
[3.387s] Level 1:colcon.colcon_core.package_discovery:discover_packages(recursive) discover
[3.387s] INFO:colcon.colcon_core.package_discovery:Crawling recursively for packages in '/home/kaede/ros2_ws/src/mypkg'
[3.387s] Level 1:colcon.colcon_core.package_identification:_identify(.) by extensions ['ignore', 'ignore_ament_install']
[3.388s] Level 1:colcon.colcon_core.package_identification:_identify(.) by extension 'ignore'
[3.388s] Level 1:colcon.colcon_core.package_identification:_identify(.) by extension 'ignore_ament_install'
[3.388s] Level 1:colcon.colcon_core.package_identification:_identify(.) by extensions ['colcon_pkg']
[3.388s] Level 1:colcon.colcon_core.package_identification:_identify(.) by extension 'colcon_pkg'
[3.388s] Level 1:colcon.colcon_core.package_identification:_identify(.) by extensions ['colcon_meta']
[3.388s] Level 1:colcon.colcon_core.package_identification:_identify(.) by extension 'colcon_meta'
[3.388s] Level 1:colcon.colcon_core.package_identification:_identify(.) by extensions ['ros']
[3.388s] Level 1:colcon.colcon_core.package_identification:_identify(.) by extension 'ros'
[3.409s] DEBUG:colcon.colcon_core.package_identification:Package '.' with type 'ros.ament_python' and name 'mypkg'
[3.409s] Level 1:colcon.colcon_core.package_discovery:discover_packages(recursive) using defaults
[3.409s] Level 1:colcon.colcon_core.package_discovery:discover_packages(ignore) discover
[3.409s] Level 1:colcon.colcon_core.package_discovery:discover_packages(ignore) using defaults
[3.409s] Level 1:colcon.colcon_core.package_discovery:discover_packages(path) discover
[3.409s] Level 1:colcon.colcon_core.package_discovery:discover_packages(path) using defaults
[3.671s] Level 1:colcon.colcon_core.package_discovery:discover_packages(prefix_path) check parameters
[3.671s] Level 1:colcon.colcon_core.package_discovery:discover_packages(prefix_path) discover
[3.770s] DEBUG:colcon.colcon_installed_package_information.package_discovery:Found 2 installed packages in /home/kaede/ros2_ws/install
[3.820s] DEBUG:colcon.colcon_installed_package_information.package_discovery:Found 256 installed packages in /opt/ros/foxy
[3.822s] Level 1:colcon.colcon_core.package_discovery:discover_packages(prefix_path) using defaults
[4.049s] Level 5:colcon.colcon_core.verb:set package 'mypkg' build argument 'cmake_args' from command line to 'None'
[4.049s] Level 5:colcon.colcon_core.verb:set package 'mypkg' build argument 'cmake_target' from command line to 'None'
[4.049s] Level 5:colcon.colcon_core.verb:set package 'mypkg' build argument 'cmake_target_skip_unavailable' from command line to 'False'
[4.049s] Level 5:colcon.colcon_core.verb:set package 'mypkg' build argument 'cmake_clean_cache' from command line to 'False'
[4.049s] Level 5:colcon.colcon_core.verb:set package 'mypkg' build argument 'cmake_clean_first' from command line to 'False'
[4.049s] Level 5:colcon.colcon_core.verb:set package 'mypkg' build argument 'cmake_force_configure' from command line to 'False'
[4.049s] Level 5:colcon.colcon_core.verb:set package 'mypkg' build argument 'ament_cmake_args' from command line to 'None'
[4.049s] Level 5:colcon.colcon_core.verb:set package 'mypkg' build argument 'catkin_cmake_args' from command line to 'None'
[4.049s] Level 5:colcon.colcon_core.verb:set package 'mypkg' build argument 'catkin_skip_building_tests' from command line to 'False'
[4.049s] DEBUG:colcon.colcon_core.verb:Building package 'mypkg' with the following arguments: {'ament_cmake_args': None, 'build_base': '/home/kaede/ros2_ws/src/mypkg/build/mypkg', 'catkin_cmake_args': None, 'catkin_skip_building_tests': False, 'cmake_args': None, 'cmake_clean_cache': False, 'cmake_clean_first': False, 'cmake_force_configure': False, 'cmake_target': None, 'cmake_target_skip_unavailable': False, 'install_base': '/home/kaede/ros2_ws/src/mypkg/install/mypkg', 'merge_install': False, 'path': '/home/kaede/ros2_ws/src/mypkg', 'symlink_install': False, 'test_result_base': None}
[4.098s] INFO:colcon.colcon_core.executor:Executing jobs using 'parallel' executor
[4.148s] DEBUG:colcon.colcon_parallel_executor.executor.parallel:run_until_complete
[4.148s] INFO:colcon.colcon_ros.task.ament_python.build:Building ROS package in '/home/kaede/ros2_ws/src/mypkg' with build type 'ament_python'
[4.149s] Level 1:colcon.colcon_core.shell:create_environment_hook('mypkg', 'ament_prefix_path')
[4.210s] INFO:colcon.colcon_core.plugin_system:Skipping extension 'colcon_core.shell.bat': Not used on non-Windows systems
[4.211s] INFO:colcon.colcon_core.shell:Creating environment hook '/home/kaede/ros2_ws/src/mypkg/install/mypkg/share/mypkg/hook/ament_prefix_path.ps1'
[4.212s] INFO:colcon.colcon_core.shell:Creating environment descriptor '/home/kaede/ros2_ws/src/mypkg/install/mypkg/share/mypkg/hook/ament_prefix_path.dsv'
[4.213s] INFO:colcon.colcon_core.shell:Creating environment hook '/home/kaede/ros2_ws/src/mypkg/install/mypkg/share/mypkg/hook/ament_prefix_path.sh'
[4.276s] INFO:colcon.colcon_core.shell:Skip shell extension 'powershell' for command environment: Not usable outside of PowerShell
[4.277s] DEBUG:colcon.colcon_core.shell:Skip shell extension 'dsv' for command environment
[4.796s] INFO:colcon.colcon_core.task.python.build:Building Python package in '/home/kaede/ros2_ws/src/mypkg'
[4.851s] INFO:colcon.colcon_core.shell:Skip shell extension 'powershell' for command environment: Not usable outside of PowerShell
[4.852s] DEBUG:colcon.colcon_core.shell:Skip shell extension 'dsv' for command environment
[5.638s] DEBUG:colcon.colcon_core.event_handler.log_command:Invoking command in '/home/kaede/ros2_ws/src/mypkg': PYTHONPATH=/home/kaede/ros2_ws/src/mypkg/build/mypkg/prefix_override:/home/kaede/ros2_ws/src/mypkg/install/mypkg/lib/python3.8/site-packages:${PYTHONPATH} /usr/bin/python3 setup.py egg_info --egg-base build/mypkg build --build-base /home/kaede/ros2_ws/src/mypkg/build/mypkg/build install --record /home/kaede/ros2_ws/src/mypkg/build/mypkg/install.log --install-scripts $base/lib/mypkg --single-version-externally-managed
[6.095s] DEBUG:colcon.colcon_core.event_handler.log_command:Invoked command in '/home/kaede/ros2_ws/src/mypkg' returned '0': PYTHONPATH=/home/kaede/ros2_ws/src/mypkg/build/mypkg/prefix_override:/home/kaede/ros2_ws/src/mypkg/install/mypkg/lib/python3.8/site-packages:${PYTHONPATH} /usr/bin/python3 setup.py egg_info --egg-base build/mypkg build --build-base /home/kaede/ros2_ws/src/mypkg/build/mypkg/build install --record /home/kaede/ros2_ws/src/mypkg/build/mypkg/install.log --install-scripts $base/lib/mypkg --single-version-externally-managed
[6.156s] Level 1:colcon.colcon_core.environment:checking '/home/kaede/ros2_ws/src/mypkg/install/mypkg' for CMake module files
[6.157s] Level 1:colcon.colcon_core.environment:checking '/home/kaede/ros2_ws/src/mypkg/install/mypkg' for CMake config files
[6.157s] Level 1:colcon.colcon_core.environment:checking '/home/kaede/ros2_ws/src/mypkg/install/mypkg/lib'
[6.158s] Level 1:colcon.colcon_core.environment:checking '/home/kaede/ros2_ws/src/mypkg/install/mypkg/bin'
[6.158s] Level 1:colcon.colcon_core.environment:checking '/home/kaede/ros2_ws/src/mypkg/install/mypkg/lib/pkgconfig/mypkg.pc'
[6.158s] Level 1:colcon.colcon_core.environment:checking '/home/kaede/ros2_ws/src/mypkg/install/mypkg/lib/python3.8/site-packages'
[6.158s] Level 1:colcon.colcon_core.shell:create_environment_hook('mypkg', 'pythonpath')
[6.211s] INFO:colcon.colcon_core.shell:Creating environment hook '/home/kaede/ros2_ws/src/mypkg/install/mypkg/share/mypkg/hook/pythonpath.ps1'
[6.212s] INFO:colcon.colcon_core.shell:Creating environment descriptor '/home/kaede/ros2_ws/src/mypkg/install/mypkg/share/mypkg/hook/pythonpath.dsv'
[6.213s] INFO:colcon.colcon_core.shell:Creating environment hook '/home/kaede/ros2_ws/src/mypkg/install/mypkg/share/mypkg/hook/pythonpath.sh'
[6.214s] Level 1:colcon.colcon_core.environment:checking '/home/kaede/ros2_ws/src/mypkg/install/mypkg/bin'
[6.214s] Level 1:colcon.colcon_core.environment:create_environment_scripts_only(mypkg)
[6.270s] INFO:colcon.colcon_core.shell:Creating package script '/home/kaede/ros2_ws/src/mypkg/install/mypkg/share/mypkg/package.ps1'
[6.272s] INFO:colcon.colcon_core.shell:Creating package descriptor '/home/kaede/ros2_ws/src/mypkg/install/mypkg/share/mypkg/package.dsv'
[6.272s] INFO:colcon.colcon_core.shell:Creating package script '/home/kaede/ros2_ws/src/mypkg/install/mypkg/share/mypkg/package.sh'
[6.274s] INFO:colcon.colcon_core.shell:Creating package script '/home/kaede/ros2_ws/src/mypkg/install/mypkg/share/mypkg/package.bash'
[6.276s] INFO:colcon.colcon_core.shell:Creating package script '/home/kaede/ros2_ws/src/mypkg/install/mypkg/share/mypkg/package.zsh'
[6.277s] Level 1:colcon.colcon_core.environment:create_file_with_runtime_dependencies(/home/kaede/ros2_ws/src/mypkg/install/mypkg/share/colcon-core/packages/mypkg)
[6.278s] DEBUG:colcon.colcon_parallel_executor.executor.parallel:closing loop
[6.279s] DEBUG:colcon.colcon_parallel_executor.executor.parallel:loop closed
[6.279s] DEBUG:colcon.colcon_parallel_executor.executor.parallel:run_until_complete finished with '0'
[6.280s] DEBUG:colcon.colcon_core.event_reactor:joining thread
[6.416s] INFO:colcon.colcon_core.plugin_system:Skipping extension 'colcon_notification.desktop_notification.notify_send': Could not find 'notify-send'
[6.416s] INFO:colcon.colcon_core.plugin_system:Skipping extension 'colcon_notification.desktop_notification.terminal_notifier': Not used on non-Darwin systems
[6.416s] INFO:colcon.colcon_core.plugin_system:Skipping extension 'colcon_notification.desktop_notification.win32': Not used on non-Windows systems
[6.416s] INFO:colcon.colcon_notification.desktop_notification:Sending desktop notification using 'notify2'
[6.425s] DEBUG:colcon.colcon_notification.desktop_notification.notify2:Failed to initialize notify2: org.freedesktop.DBus.Error.ServiceUnknown: The name org.freedesktop.Notifications was not provided by any .service files
[6.426s] DEBUG:colcon.colcon_core.event_reactor:joined thread
[6.481s] INFO:colcon.colcon_core.shell:Creating prefix script '/home/kaede/ros2_ws/src/mypkg/install/local_setup.ps1'
[6.482s] INFO:colcon.colcon_core.shell:Creating prefix util module '/home/kaede/ros2_ws/src/mypkg/install/_local_setup_util_ps1.py'
[6.484s] INFO:colcon.colcon_core.shell:Creating prefix chain script '/home/kaede/ros2_ws/src/mypkg/install/setup.ps1'
[6.537s] INFO:colcon.colcon_core.shell:Creating prefix script '/home/kaede/ros2_ws/src/mypkg/install/local_setup.sh'
[6.538s] INFO:colcon.colcon_core.shell:Creating prefix util module '/home/kaede/ros2_ws/src/mypkg/install/_local_setup_util_sh.py'
[6.539s] INFO:colcon.colcon_core.shell:Creating prefix chain script '/home/kaede/ros2_ws/src/mypkg/install/setup.sh'
[6.590s] INFO:colcon.colcon_core.shell:Creating prefix script '/home/kaede/ros2_ws/src/mypkg/install/local_setup.bash'
[6.590s] INFO:colcon.colcon_core.shell:Creating prefix chain script '/home/kaede/ros2_ws/src/mypkg/install/setup.bash'
[6.645s] INFO:colcon.colcon_core.shell:Creating prefix script '/home/kaede/ros2_ws/src/mypkg/install/local_setup.zsh'
[6.645s] INFO:colcon.colcon_core.shell:Creating prefix chain script '/home/kaede/ros2_ws/src/mypkg/install/setup.zsh'
