[1.781s] Invoking command in '/home/kaede/ros2_ws/src/mypkg': PYTHONPATH=/home/kaede/ros2_ws/src/mypkg/build/mypkg/prefix_override:/home/kaede/ros2_ws/src/mypkg/install/mypkg/lib/python3.8/site-packages:${PYTHONPATH} /usr/bin/python3 setup.py egg_info --egg-base build/mypkg build --build-base /home/kaede/ros2_ws/src/mypkg/build/mypkg/build install --record /home/kaede/ros2_ws/src/mypkg/build/mypkg/install.log --install-scripts $base/lib/mypkg --single-version-externally-managed
[2.099s] running egg_info
[2.100s] creating build/mypkg/mypkg.egg-info
[2.100s] writing build/mypkg/mypkg.egg-info/PKG-INFO
[2.101s] writing dependency_links to build/mypkg/mypkg.egg-info/dependency_links.txt
[2.102s] writing entry points to build/mypkg/mypkg.egg-info/entry_points.txt
[2.102s] writing requirements to build/mypkg/mypkg.egg-info/requires.txt
[2.102s] writing top-level names to build/mypkg/mypkg.egg-info/top_level.txt
[2.112s] writing manifest file 'build/mypkg/mypkg.egg-info/SOURCES.txt'
[2.169s] reading manifest file 'build/mypkg/mypkg.egg-info/SOURCES.txt'
[2.170s] writing manifest file 'build/mypkg/mypkg.egg-info/SOURCES.txt'
[2.172s] running build
[2.172s] running build_py
[2.173s] creating /home/kaede/ros2_ws/src/mypkg/build/mypkg/build
[2.173s] creating /home/kaede/ros2_ws/src/mypkg/build/mypkg/build/lib
[2.173s] creating /home/kaede/ros2_ws/src/mypkg/build/mypkg/build/lib/mypkg
[2.174s] copying mypkg/talker.py -> /home/kaede/ros2_ws/src/mypkg/build/mypkg/build/lib/mypkg
[2.175s] copying mypkg/listener.py -> /home/kaede/ros2_ws/src/mypkg/build/mypkg/build/lib/mypkg
[2.175s] copying mypkg/__init__.py -> /home/kaede/ros2_ws/src/mypkg/build/mypkg/build/lib/mypkg
[2.176s] running install
[2.177s] running install_lib
[2.179s] creating /home/kaede/ros2_ws/src/mypkg/install/mypkg/lib/python3.8/site-packages/mypkg
[2.180s] copying /home/kaede/ros2_ws/src/mypkg/build/mypkg/build/lib/mypkg/talker.py -> /home/kaede/ros2_ws/src/mypkg/install/mypkg/lib/python3.8/site-packages/mypkg
[2.180s] copying /home/kaede/ros2_ws/src/mypkg/build/mypkg/build/lib/mypkg/listener.py -> /home/kaede/ros2_ws/src/mypkg/install/mypkg/lib/python3.8/site-packages/mypkg
[2.180s] copying /home/kaede/ros2_ws/src/mypkg/build/mypkg/build/lib/mypkg/__init__.py -> /home/kaede/ros2_ws/src/mypkg/install/mypkg/lib/python3.8/site-packages/mypkg
[2.181s] byte-compiling /home/kaede/ros2_ws/src/mypkg/install/mypkg/lib/python3.8/site-packages/mypkg/talker.py to talker.cpython-38.pyc
[2.184s] byte-compiling /home/kaede/ros2_ws/src/mypkg/install/mypkg/lib/python3.8/site-packages/mypkg/listener.py to listener.cpython-38.pyc
[2.185s] byte-compiling /home/kaede/ros2_ws/src/mypkg/install/mypkg/lib/python3.8/site-packages/mypkg/__init__.py to __init__.cpython-38.pyc
[2.186s]   File "/home/kaede/ros2_ws/src/mypkg/install/mypkg/lib/python3.8/site-packages/mypkg/listener.py", line 8
[2.187s]     def is_prime(N)://素数か判定
[2.187s]                     ^
[2.188s] SyntaxError: invalid syntax
[2.188s] 
[2.188s] running install_data
[2.188s] creating /home/kaede/ros2_ws/src/mypkg/install/mypkg/share/ament_index
[2.189s] creating /home/kaede/ros2_ws/src/mypkg/install/mypkg/share/ament_index/resource_index
[2.189s] creating /home/kaede/ros2_ws/src/mypkg/install/mypkg/share/ament_index/resource_index/packages
[2.189s] copying resource/mypkg -> /home/kaede/ros2_ws/src/mypkg/install/mypkg/share/ament_index/resource_index/packages
[2.189s] copying package.xml -> /home/kaede/ros2_ws/src/mypkg/install/mypkg/share/mypkg
[2.189s] copying launch/talk_listen.launch.py -> /home/kaede/ros2_ws/src/mypkg/install/mypkg/share/mypkg
[2.190s] running install_egg_info
[2.192s] Copying build/mypkg/mypkg.egg-info to /home/kaede/ros2_ws/src/mypkg/install/mypkg/lib/python3.8/site-packages/mypkg-0.0.0-py3.8.egg-info
[2.193s] running install_scripts
[2.218s] Installing listener script to /home/kaede/ros2_ws/src/mypkg/install/mypkg/lib/mypkg
[2.219s] Installing talker script to /home/kaede/ros2_ws/src/mypkg/install/mypkg/lib/mypkg
[2.219s] writing list of installed files to '/home/kaede/ros2_ws/src/mypkg/build/mypkg/install.log'
[2.258s] Invoked command in '/home/kaede/ros2_ws/src/mypkg' returned '0': PYTHONPATH=/home/kaede/ros2_ws/src/mypkg/build/mypkg/prefix_override:/home/kaede/ros2_ws/src/mypkg/install/mypkg/lib/python3.8/site-packages:${PYTHONPATH} /usr/bin/python3 setup.py egg_info --egg-base build/mypkg build --build-base /home/kaede/ros2_ws/src/mypkg/build/mypkg/build install --record /home/kaede/ros2_ws/src/mypkg/build/mypkg/install.log --install-scripts $base/lib/mypkg --single-version-externally-managed
