[5.225s] DEBUG:colcon:Command line arguments: ['/usr/bin/colcon', 'build']
[5.225s] DEBUG:colcon:Parsed command line arguments: Namespace(allow_overriding=[], ament_cmake_args=None, base_paths=['.'], build_base='build', catkin_cmake_args=None, catkin_skip_building_tests=False, cmake_args=None, cmake_clean_cache=False, cmake_clean_first=False, cmake_force_configure=False, cmake_target=None, cmake_target_skip_unavailable=False, continue_on_error=False, event_handlers=None, executor='parallel', ignore_user_meta=False, install_base='install', log_base=None, log_level=None, main=<bound method BuildVerb.main of <colcon_core.verb.build.BuildVerb object at 0x7f1b4d2ca430>>, merge_install=False, metas=['./colcon.meta'], packages_above=None, packages_above_and_dependencies=None, packages_above_depth=None, packages_end=None, packages_ignore=None, packages_ignore_regex=None, packages_select=None, packages_select_build_failed=False, packages_select_by_dep=None, packages_select_regex=None, packages_select_test_failures=False, packages_skip=None, packages_skip_build_finished=False, packages_skip_by_dep=None, packages_skip_regex=None, packages_skip_test_passed=False, packages_skip_up_to=None, packages_start=None, packages_up_to=None, packages_up_to_regex=None, parallel_workers=12, paths=None, symlink_install=False, test_result_base=None, verb_extension=<colcon_core.verb.build.BuildVerb object at 0x7f1b4d2ca430>, verb_name='build', verb_parser=<colcon_defaults.argument_parser.defaults.DefaultArgumentsDecorator object at 0x7f1b4cefb1c0>)
[5.451s] Level 1:colcon.colcon_core.package_discovery:discover_packages(colcon_meta) check parameters
[5.451s] Level 1:colcon.colcon_core.package_discovery:discover_packages(recursive) check parameters
[5.452s] Level 1:colcon.colcon_core.package_discovery:discover_packages(ignore) check parameters
[5.452s] Level 1:colcon.colcon_core.package_discovery:discover_packages(path) check parameters
[5.452s] Level 1:colcon.colcon_core.package_discovery:discover_packages(colcon_meta) discover
[5.452s] Level 1:colcon.colcon_core.package_discovery:discover_packages(recursive) discover
[5.452s] INFO:colcon.colcon_core.package_discovery:Crawling recursively for packages in '/home/kaede/ros2_ws/src/mypkg'
[5.453s] Level 1:colcon.colcon_core.package_identification:_identify(.) by extensions ['ignore', 'ignore_ament_install']
[5.453s] Level 1:colcon.colcon_core.package_identification:_identify(.) by extension 'ignore'
[5.453s] Level 1:colcon.colcon_core.package_identification:_identify(.) by extension 'ignore_ament_install'
[5.454s] Level 1:colcon.colcon_core.package_identification:_identify(.) by extensions ['colcon_pkg']
[5.454s] Level 1:colcon.colcon_core.package_identification:_identify(.) by extension 'colcon_pkg'
[5.454s] Level 1:colcon.colcon_core.package_identification:_identify(.) by extensions ['colcon_meta']
[5.454s] Level 1:colcon.colcon_core.package_identification:_identify(.) by extension 'colcon_meta'
[5.454s] Level 1:colcon.colcon_core.package_identification:_identify(.) by extensions ['ros']
[5.455s] Level 1:colcon.colcon_core.package_identification:_identify(.) by extension 'ros'
[5.489s] DEBUG:colcon.colcon_core.package_identification:Package '.' with type 'ros.ament_python' and name 'mypkg'
[5.489s] Level 1:colcon.colcon_core.package_discovery:discover_packages(recursive) using defaults
[5.490s] Level 1:colcon.colcon_core.package_discovery:discover_packages(ignore) discover
[5.490s] Level 1:colcon.colcon_core.package_discovery:discover_packages(ignore) using defaults
[5.490s] Level 1:colcon.colcon_core.package_discovery:discover_packages(path) discover
[5.490s] Level 1:colcon.colcon_core.package_discovery:discover_packages(path) using defaults
[5.931s] Level 1:colcon.colcon_core.package_discovery:discover_packages(prefix_path) check parameters
[5.931s] Level 1:colcon.colcon_core.package_discovery:discover_packages(prefix_path) discover
[6.106s] DEBUG:colcon.colcon_installed_package_information.package_discovery:Found 2 installed packages in /home/kaede/ros2_ws/install
[6.193s] DEBUG:colcon.colcon_installed_package_information.package_discovery:Found 256 installed packages in /opt/ros/foxy
[6.198s] Level 1:colcon.colcon_core.package_discovery:discover_packages(prefix_path) using defaults
[6.568s] Level 5:colcon.colcon_core.verb:set package 'mypkg' build argument 'cmake_args' from command line to 'None'
[6.568s] Level 5:colcon.colcon_core.verb:set package 'mypkg' build argument 'cmake_target' from command line to 'None'
[6.568s] Level 5:colcon.colcon_core.verb:set package 'mypkg' build argument 'cmake_target_skip_unavailable' from command line to 'False'
[6.568s] Level 5:colcon.colcon_core.verb:set package 'mypkg' build argument 'cmake_clean_cache' from command line to 'False'
[6.568s] Level 5:colcon.colcon_core.verb:set package 'mypkg' build argument 'cmake_clean_first' from command line to 'False'
[6.569s] Level 5:colcon.colcon_core.verb:set package 'mypkg' build argument 'cmake_force_configure' from command line to 'False'
[6.569s] Level 5:colcon.colcon_core.verb:set package 'mypkg' build argument 'ament_cmake_args' from command line to 'None'
[6.569s] Level 5:colcon.colcon_core.verb:set package 'mypkg' build argument 'catkin_cmake_args' from command line to 'None'
[6.569s] Level 5:colcon.colcon_core.verb:set package 'mypkg' build argument 'catkin_skip_building_tests' from command line to 'False'
[6.569s] DEBUG:colcon.colcon_core.verb:Building package 'mypkg' with the following arguments: {'ament_cmake_args': None, 'build_base': '/home/kaede/ros2_ws/src/mypkg/build/mypkg', 'catkin_cmake_args': None, 'catkin_skip_building_tests': False, 'cmake_args': None, 'cmake_clean_cache': False, 'cmake_clean_first': False, 'cmake_force_configure': False, 'cmake_target': None, 'cmake_target_skip_unavailable': False, 'install_base': '/home/kaede/ros2_ws/src/mypkg/install/mypkg', 'merge_install': False, 'path': '/home/kaede/ros2_ws/src/mypkg', 'symlink_install': False, 'test_result_base': None}
[6.648s] INFO:colcon.colcon_core.executor:Executing jobs using 'parallel' executor
[6.742s] DEBUG:colcon.colcon_parallel_executor.executor.parallel:run_until_complete
[6.742s] INFO:colcon.colcon_ros.task.ament_python.build:Building ROS package in '/home/kaede/ros2_ws/src/mypkg' with build type 'ament_python'
[6.743s] Level 1:colcon.colcon_core.shell:create_environment_hook('mypkg', 'ament_prefix_path')
[6.843s] INFO:colcon.colcon_core.plugin_system:Skipping extension 'colcon_core.shell.bat': Not used on non-Windows systems
[6.843s] INFO:colcon.colcon_core.shell:Creating environment hook '/home/kaede/ros2_ws/src/mypkg/install/mypkg/share/mypkg/hook/ament_prefix_path.ps1'
[6.844s] INFO:colcon.colcon_core.shell:Creating environment descriptor '/home/kaede/ros2_ws/src/mypkg/install/mypkg/share/mypkg/hook/ament_prefix_path.dsv'
[6.845s] INFO:colcon.colcon_core.shell:Creating environment hook '/home/kaede/ros2_ws/src/mypkg/install/mypkg/share/mypkg/hook/ament_prefix_path.sh'
[6.941s] INFO:colcon.colcon_core.shell:Skip shell extension 'powershell' for command environment: Not usable outside of PowerShell
[6.942s] DEBUG:colcon.colcon_core.shell:Skip shell extension 'dsv' for command environment
[7.760s] INFO:colcon.colcon_core.task.python.build:Building Python package in '/home/kaede/ros2_ws/src/mypkg'
[7.843s] INFO:colcon.colcon_core.shell:Skip shell extension 'powershell' for command environment: Not usable outside of PowerShell
[7.843s] DEBUG:colcon.colcon_core.shell:Skip shell extension 'dsv' for command environment
[8.914s] DEBUG:colcon.colcon_core.event_handler.log_command:Invoking command in '/home/kaede/ros2_ws/src/mypkg': PYTHONPATH=/home/kaede/ros2_ws/src/mypkg/build/mypkg/prefix_override:/home/kaede/ros2_ws/src/mypkg/install/mypkg/lib/python3.8/site-packages:${PYTHONPATH} /usr/bin/python3 setup.py egg_info --egg-base build/mypkg build --build-base /home/kaede/ros2_ws/src/mypkg/build/mypkg/build install --record /home/kaede/ros2_ws/src/mypkg/build/mypkg/install.log --install-scripts $base/lib/mypkg --single-version-externally-managed
[9.544s] DEBUG:colcon.colcon_core.event_handler.log_command:Invoked command in '/home/kaede/ros2_ws/src/mypkg' returned '0': PYTHONPATH=/home/kaede/ros2_ws/src/mypkg/build/mypkg/prefix_override:/home/kaede/ros2_ws/src/mypkg/install/mypkg/lib/python3.8/site-packages:${PYTHONPATH} /usr/bin/python3 setup.py egg_info --egg-base build/mypkg build --build-base /home/kaede/ros2_ws/src/mypkg/build/mypkg/build install --record /home/kaede/ros2_ws/src/mypkg/build/mypkg/install.log --install-scripts $base/lib/mypkg --single-version-externally-managed
[9.631s] Level 1:colcon.colcon_core.environment:checking '/home/kaede/ros2_ws/src/mypkg/install/mypkg' for CMake module files
[9.632s] Level 1:colcon.colcon_core.environment:checking '/home/kaede/ros2_ws/src/mypkg/install/mypkg' for CMake config files
[9.635s] Level 1:colcon.colcon_core.environment:checking '/home/kaede/ros2_ws/src/mypkg/install/mypkg/lib'
[9.636s] Level 1:colcon.colcon_core.environment:checking '/home/kaede/ros2_ws/src/mypkg/install/mypkg/bin'
[9.636s] Level 1:colcon.colcon_core.environment:checking '/home/kaede/ros2_ws/src/mypkg/install/mypkg/lib/pkgconfig/mypkg.pc'
[9.637s] Level 1:colcon.colcon_core.environment:checking '/home/kaede/ros2_ws/src/mypkg/install/mypkg/lib/python3.8/site-packages'
[9.637s] Level 1:colcon.colcon_core.shell:create_environment_hook('mypkg', 'pythonpath')
[9.709s] INFO:colcon.colcon_core.shell:Creating environment hook '/home/kaede/ros2_ws/src/mypkg/install/mypkg/share/mypkg/hook/pythonpath.ps1'
[9.709s] INFO:colcon.colcon_core.shell:Creating environment descriptor '/home/kaede/ros2_ws/src/mypkg/install/mypkg/share/mypkg/hook/pythonpath.dsv'
[9.710s] INFO:colcon.colcon_core.shell:Creating environment hook '/home/kaede/ros2_ws/src/mypkg/install/mypkg/share/mypkg/hook/pythonpath.sh'
[9.711s] Level 1:colcon.colcon_core.environment:checking '/home/kaede/ros2_ws/src/mypkg/install/mypkg/bin'
[9.711s] Level 1:colcon.colcon_core.environment:create_environment_scripts_only(mypkg)
[9.795s] INFO:colcon.colcon_core.shell:Creating package script '/home/kaede/ros2_ws/src/mypkg/install/mypkg/share/mypkg/package.ps1'
[9.799s] INFO:colcon.colcon_core.shell:Creating package descriptor '/home/kaede/ros2_ws/src/mypkg/install/mypkg/share/mypkg/package.dsv'
[9.801s] INFO:colcon.colcon_core.shell:Creating package script '/home/kaede/ros2_ws/src/mypkg/install/mypkg/share/mypkg/package.sh'
[9.803s] INFO:colcon.colcon_core.shell:Creating package script '/home/kaede/ros2_ws/src/mypkg/install/mypkg/share/mypkg/package.bash'
[9.805s] INFO:colcon.colcon_core.shell:Creating package script '/home/kaede/ros2_ws/src/mypkg/install/mypkg/share/mypkg/package.zsh'
[9.807s] Level 1:colcon.colcon_core.environment:create_file_with_runtime_dependencies(/home/kaede/ros2_ws/src/mypkg/install/mypkg/share/colcon-core/packages/mypkg)
[9.809s] DEBUG:colcon.colcon_parallel_executor.executor.parallel:closing loop
[9.811s] DEBUG:colcon.colcon_parallel_executor.executor.parallel:loop closed
[9.812s] DEBUG:colcon.colcon_parallel_executor.executor.parallel:run_until_complete finished with '0'
[9.812s] DEBUG:colcon.colcon_core.event_reactor:joining thread
[9.979s] INFO:colcon.colcon_core.plugin_system:Skipping extension 'colcon_notification.desktop_notification.notify_send': Could not find 'notify-send'
[9.979s] INFO:colcon.colcon_core.plugin_system:Skipping extension 'colcon_notification.desktop_notification.terminal_notifier': Not used on non-Darwin systems
[9.979s] INFO:colcon.colcon_core.plugin_system:Skipping extension 'colcon_notification.desktop_notification.win32': Not used on non-Windows systems
[9.979s] INFO:colcon.colcon_notification.desktop_notification:Sending desktop notification using 'notify2'
[9.991s] DEBUG:colcon.colcon_notification.desktop_notification.notify2:Failed to initialize notify2: org.freedesktop.DBus.Error.ServiceUnknown: The name org.freedesktop.Notifications was not provided by any .service files
[9.991s] DEBUG:colcon.colcon_core.event_reactor:joined thread
[10.056s] INFO:colcon.colcon_core.shell:Creating prefix script '/home/kaede/ros2_ws/src/mypkg/install/local_setup.ps1'
[10.059s] INFO:colcon.colcon_core.shell:Creating prefix util module '/home/kaede/ros2_ws/src/mypkg/install/_local_setup_util_ps1.py'
[10.062s] INFO:colcon.colcon_core.shell:Creating prefix chain script '/home/kaede/ros2_ws/src/mypkg/install/setup.ps1'
[10.134s] INFO:colcon.colcon_core.shell:Creating prefix script '/home/kaede/ros2_ws/src/mypkg/install/local_setup.sh'
[10.136s] INFO:colcon.colcon_core.shell:Creating prefix util module '/home/kaede/ros2_ws/src/mypkg/install/_local_setup_util_sh.py'
[10.137s] INFO:colcon.colcon_core.shell:Creating prefix chain script '/home/kaede/ros2_ws/src/mypkg/install/setup.sh'
[10.203s] INFO:colcon.colcon_core.shell:Creating prefix script '/home/kaede/ros2_ws/src/mypkg/install/local_setup.bash'
[10.204s] INFO:colcon.colcon_core.shell:Creating prefix chain script '/home/kaede/ros2_ws/src/mypkg/install/setup.bash'
[10.271s] INFO:colcon.colcon_core.shell:Creating prefix script '/home/kaede/ros2_ws/src/mypkg/install/local_setup.zsh'
[10.273s] INFO:colcon.colcon_core.shell:Creating prefix chain script '/home/kaede/ros2_ws/src/mypkg/install/setup.zsh'
