[1.494s] Invoking command in '/home/kaede/ros2_ws/src/mypkg': PYTHONPATH=/home/kaede/ros2_ws/src/mypkg/build/mypkg/prefix_override:/home/kaede/ros2_ws/src/mypkg/install/mypkg/lib/python3.8/site-packages:${PYTHONPATH} /usr/bin/python3 setup.py egg_info --egg-base build/mypkg build --build-base /home/kaede/ros2_ws/src/mypkg/build/mypkg/build install --record /home/kaede/ros2_ws/src/mypkg/build/mypkg/install.log --install-scripts $base/lib/mypkg --single-version-externally-managed
[1.838s] running egg_info
[1.840s] writing build/mypkg/mypkg.egg-info/PKG-INFO
[1.845s] writing dependency_links to build/mypkg/mypkg.egg-info/dependency_links.txt
[1.845s] writing entry points to build/mypkg/mypkg.egg-info/entry_points.txt
[1.845s] writing requirements to build/mypkg/mypkg.egg-info/requires.txt
[1.846s] writing top-level names to build/mypkg/mypkg.egg-info/top_level.txt
[1.908s] reading manifest file 'build/mypkg/mypkg.egg-info/SOURCES.txt'
[1.910s] writing manifest file 'build/mypkg/mypkg.egg-info/SOURCES.txt'
[1.910s] running build
[1.911s] running build_py
[1.911s] copying mypkg/listener.py -> /home/kaede/ros2_ws/src/mypkg/build/mypkg/build/lib/mypkg
[1.911s] running install
[1.913s] running install_lib
[1.914s] copying /home/kaede/ros2_ws/src/mypkg/build/mypkg/build/lib/mypkg/listener.py -> /home/kaede/ros2_ws/src/mypkg/install/mypkg/lib/python3.8/site-packages/mypkg
[1.915s] byte-compiling /home/kaede/ros2_ws/src/mypkg/install/mypkg/lib/python3.8/site-packages/mypkg/listener.py to listener.cpython-38.pyc
[1.919s] running install_data
[1.920s] running install_egg_info
[1.923s] removing '/home/kaede/ros2_ws/src/mypkg/install/mypkg/lib/python3.8/site-packages/mypkg-0.0.0-py3.8.egg-info' (and everything under it)
[1.924s] Copying build/mypkg/mypkg.egg-info to /home/kaede/ros2_ws/src/mypkg/install/mypkg/lib/python3.8/site-packages/mypkg-0.0.0-py3.8.egg-info
[1.926s] running install_scripts
[1.956s] Installing listener script to /home/kaede/ros2_ws/src/mypkg/install/mypkg/lib/mypkg
[1.957s] Installing talker script to /home/kaede/ros2_ws/src/mypkg/install/mypkg/lib/mypkg
[1.958s] writing list of installed files to '/home/kaede/ros2_ws/src/mypkg/build/mypkg/install.log'
[1.998s] Invoked command in '/home/kaede/ros2_ws/src/mypkg' returned '0': PYTHONPATH=/home/kaede/ros2_ws/src/mypkg/build/mypkg/prefix_override:/home/kaede/ros2_ws/src/mypkg/install/mypkg/lib/python3.8/site-packages:${PYTHONPATH} /usr/bin/python3 setup.py egg_info --egg-base build/mypkg build --build-base /home/kaede/ros2_ws/src/mypkg/build/mypkg/build install --record /home/kaede/ros2_ws/src/mypkg/build/mypkg/install.log --install-scripts $base/lib/mypkg --single-version-externally-managed
