[2.733s] Invoking command in '/home/kaede/ros2_ws/src/mypkg': PYTHONPATH=/home/kaede/ros2_ws/src/mypkg/build/mypkg/prefix_override:/home/kaede/ros2_ws/src/mypkg/install/mypkg/lib/python3.8/site-packages:${PYTHONPATH} /usr/bin/python3 setup.py egg_info --egg-base build/mypkg build --build-base /home/kaede/ros2_ws/src/mypkg/build/mypkg/build install --record /home/kaede/ros2_ws/src/mypkg/build/mypkg/install.log --install-scripts $base/lib/mypkg --single-version-externally-managed
[3.300s] running egg_info
[3.302s] writing build/mypkg/mypkg.egg-info/PKG-INFO
[3.304s] writing dependency_links to build/mypkg/mypkg.egg-info/dependency_links.txt
[3.305s] writing entry points to build/mypkg/mypkg.egg-info/entry_points.txt
[3.305s] writing requirements to build/mypkg/mypkg.egg-info/requires.txt
[3.306s] writing top-level names to build/mypkg/mypkg.egg-info/top_level.txt
[3.410s] reading manifest file 'build/mypkg/mypkg.egg-info/SOURCES.txt'
[3.412s] writing manifest file 'build/mypkg/mypkg.egg-info/SOURCES.txt'
[3.413s] running build
[3.413s] running build_py
[3.414s] copying mypkg/listener.py -> /home/kaede/ros2_ws/src/mypkg/build/mypkg/build/lib/mypkg
[3.414s] running install
[3.416s] running install_lib
[3.419s] copying /home/kaede/ros2_ws/src/mypkg/build/mypkg/build/lib/mypkg/listener.py -> /home/kaede/ros2_ws/src/mypkg/install/mypkg/lib/python3.8/site-packages/mypkg
[3.421s] byte-compiling /home/kaede/ros2_ws/src/mypkg/install/mypkg/lib/python3.8/site-packages/mypkg/listener.py to listener.cpython-38.pyc
[3.425s] Sorry: IndentationError: expected an indented block (listener.py, line 28)
[3.426s] running install_data
[3.426s] running install_egg_info
[3.429s] removing '/home/kaede/ros2_ws/src/mypkg/install/mypkg/lib/python3.8/site-packages/mypkg-0.0.0-py3.8.egg-info' (and everything under it)
[3.430s] Copying build/mypkg/mypkg.egg-info to /home/kaede/ros2_ws/src/mypkg/install/mypkg/lib/python3.8/site-packages/mypkg-0.0.0-py3.8.egg-info
[3.434s] running install_scripts
[3.480s] Installing listener script to /home/kaede/ros2_ws/src/mypkg/install/mypkg/lib/mypkg
[3.480s] Installing talker script to /home/kaede/ros2_ws/src/mypkg/install/mypkg/lib/mypkg
[3.481s] writing list of installed files to '/home/kaede/ros2_ws/src/mypkg/build/mypkg/install.log'
[3.540s] Invoked command in '/home/kaede/ros2_ws/src/mypkg' returned '0': PYTHONPATH=/home/kaede/ros2_ws/src/mypkg/build/mypkg/prefix_override:/home/kaede/ros2_ws/src/mypkg/install/mypkg/lib/python3.8/site-packages:${PYTHONPATH} /usr/bin/python3 setup.py egg_info --egg-base build/mypkg build --build-base /home/kaede/ros2_ws/src/mypkg/build/mypkg/build install --record /home/kaede/ros2_ws/src/mypkg/build/mypkg/install.log --install-scripts $base/lib/mypkg --single-version-externally-managed
