[3.762s] DEBUG:colcon:Command line arguments: ['/usr/bin/colcon', 'build']
[3.762s] DEBUG:colcon:Parsed command line arguments: Namespace(allow_overriding=[], ament_cmake_args=None, base_paths=['.'], build_base='build', catkin_cmake_args=None, catkin_skip_building_tests=False, cmake_args=None, cmake_clean_cache=False, cmake_clean_first=False, cmake_force_configure=False, cmake_target=None, cmake_target_skip_unavailable=False, continue_on_error=False, event_handlers=None, executor='parallel', ignore_user_meta=False, install_base='install', log_base=None, log_level=None, main=<bound method BuildVerb.main of <colcon_core.verb.build.BuildVerb object at 0x7f870e622430>>, merge_install=False, metas=['./colcon.meta'], packages_above=None, packages_above_and_dependencies=None, packages_above_depth=None, packages_end=None, packages_ignore=None, packages_ignore_regex=None, packages_select=None, packages_select_build_failed=False, packages_select_by_dep=None, packages_select_regex=None, packages_select_test_failures=False, packages_skip=None, packages_skip_build_finished=False, packages_skip_by_dep=None, packages_skip_regex=None, packages_skip_test_passed=False, packages_skip_up_to=None, packages_start=None, packages_up_to=None, packages_up_to_regex=None, parallel_workers=12, paths=None, symlink_install=False, test_result_base=None, verb_extension=<colcon_core.verb.build.BuildVerb object at 0x7f870e622430>, verb_name='build', verb_parser=<colcon_defaults.argument_parser.defaults.DefaultArgumentsDecorator object at 0x7f870e263c40>)
[3.915s] Level 1:colcon.colcon_core.package_discovery:discover_packages(colcon_meta) check parameters
[3.915s] Level 1:colcon.colcon_core.package_discovery:discover_packages(recursive) check parameters
[3.915s] Level 1:colcon.colcon_core.package_discovery:discover_packages(ignore) check parameters
[3.915s] Level 1:colcon.colcon_core.package_discovery:discover_packages(path) check parameters
[3.916s] Level 1:colcon.colcon_core.package_discovery:discover_packages(colcon_meta) discover
[3.916s] Level 1:colcon.colcon_core.package_discovery:discover_packages(recursive) discover
[3.916s] INFO:colcon.colcon_core.package_discovery:Crawling recursively for packages in '/home/kaede/ros2_ws/src/mypkg'
[3.916s] Level 1:colcon.colcon_core.package_identification:_identify(.) by extensions ['ignore', 'ignore_ament_install']
[3.916s] Level 1:colcon.colcon_core.package_identification:_identify(.) by extension 'ignore'
[3.916s] Level 1:colcon.colcon_core.package_identification:_identify(.) by extension 'ignore_ament_install'
[3.916s] Level 1:colcon.colcon_core.package_identification:_identify(.) by extensions ['colcon_pkg']
[3.916s] Level 1:colcon.colcon_core.package_identification:_identify(.) by extension 'colcon_pkg'
[3.917s] Level 1:colcon.colcon_core.package_identification:_identify(.) by extensions ['colcon_meta']
[3.917s] Level 1:colcon.colcon_core.package_identification:_identify(.) by extension 'colcon_meta'
[3.917s] Level 1:colcon.colcon_core.package_identification:_identify(.) by extensions ['ros']
[3.917s] Level 1:colcon.colcon_core.package_identification:_identify(.) by extension 'ros'
[3.938s] DEBUG:colcon.colcon_core.package_identification:Package '.' with type 'ros.ament_python' and name 'mypkg'
[3.939s] Level 1:colcon.colcon_core.package_discovery:discover_packages(recursive) using defaults
[3.939s] Level 1:colcon.colcon_core.package_discovery:discover_packages(ignore) discover
[3.939s] Level 1:colcon.colcon_core.package_discovery:discover_packages(ignore) using defaults
[3.939s] Level 1:colcon.colcon_core.package_discovery:discover_packages(path) discover
[3.939s] Level 1:colcon.colcon_core.package_discovery:discover_packages(path) using defaults
[4.210s] Level 1:colcon.colcon_core.package_discovery:discover_packages(prefix_path) check parameters
[4.210s] Level 1:colcon.colcon_core.package_discovery:discover_packages(prefix_path) discover
[4.309s] DEBUG:colcon.colcon_installed_package_information.package_discovery:Found 2 installed packages in /home/kaede/ros2_ws/install
[4.359s] DEBUG:colcon.colcon_installed_package_information.package_discovery:Found 256 installed packages in /opt/ros/foxy
[4.361s] Level 1:colcon.colcon_core.package_discovery:discover_packages(prefix_path) using defaults
[4.602s] Level 5:colcon.colcon_core.verb:set package 'mypkg' build argument 'cmake_args' from command line to 'None'
[4.602s] Level 5:colcon.colcon_core.verb:set package 'mypkg' build argument 'cmake_target' from command line to 'None'
[4.602s] Level 5:colcon.colcon_core.verb:set package 'mypkg' build argument 'cmake_target_skip_unavailable' from command line to 'False'
[4.602s] Level 5:colcon.colcon_core.verb:set package 'mypkg' build argument 'cmake_clean_cache' from command line to 'False'
[4.603s] Level 5:colcon.colcon_core.verb:set package 'mypkg' build argument 'cmake_clean_first' from command line to 'False'
[4.603s] Level 5:colcon.colcon_core.verb:set package 'mypkg' build argument 'cmake_force_configure' from command line to 'False'
[4.603s] Level 5:colcon.colcon_core.verb:set package 'mypkg' build argument 'ament_cmake_args' from command line to 'None'
[4.603s] Level 5:colcon.colcon_core.verb:set package 'mypkg' build argument 'catkin_cmake_args' from command line to 'None'
[4.603s] Level 5:colcon.colcon_core.verb:set package 'mypkg' build argument 'catkin_skip_building_tests' from command line to 'False'
[4.603s] DEBUG:colcon.colcon_core.verb:Building package 'mypkg' with the following arguments: {'ament_cmake_args': None, 'build_base': '/home/kaede/ros2_ws/src/mypkg/build/mypkg', 'catkin_cmake_args': None, 'catkin_skip_building_tests': False, 'cmake_args': None, 'cmake_clean_cache': False, 'cmake_clean_first': False, 'cmake_force_configure': False, 'cmake_target': None, 'cmake_target_skip_unavailable': False, 'install_base': '/home/kaede/ros2_ws/src/mypkg/install/mypkg', 'merge_install': False, 'path': '/home/kaede/ros2_ws/src/mypkg', 'symlink_install': False, 'test_result_base': None}
[4.653s] INFO:colcon.colcon_core.executor:Executing jobs using 'parallel' executor
[4.704s] DEBUG:colcon.colcon_parallel_executor.executor.parallel:run_until_complete
[4.705s] INFO:colcon.colcon_ros.task.ament_python.build:Building ROS package in '/home/kaede/ros2_ws/src/mypkg' with build type 'ament_python'
[4.705s] Level 1:colcon.colcon_core.shell:create_environment_hook('mypkg', 'ament_prefix_path')
[4.762s] INFO:colcon.colcon_core.plugin_system:Skipping extension 'colcon_core.shell.bat': Not used on non-Windows systems
[4.762s] INFO:colcon.colcon_core.shell:Creating environment hook '/home/kaede/ros2_ws/src/mypkg/install/mypkg/share/mypkg/hook/ament_prefix_path.ps1'
[4.764s] INFO:colcon.colcon_core.shell:Creating environment descriptor '/home/kaede/ros2_ws/src/mypkg/install/mypkg/share/mypkg/hook/ament_prefix_path.dsv'
[4.765s] INFO:colcon.colcon_core.shell:Creating environment hook '/home/kaede/ros2_ws/src/mypkg/install/mypkg/share/mypkg/hook/ament_prefix_path.sh'
[4.818s] INFO:colcon.colcon_core.shell:Skip shell extension 'powershell' for command environment: Not usable outside of PowerShell
[4.818s] DEBUG:colcon.colcon_core.shell:Skip shell extension 'dsv' for command environment
[5.334s] INFO:colcon.colcon_core.task.python.build:Building Python package in '/home/kaede/ros2_ws/src/mypkg'
[5.391s] INFO:colcon.colcon_core.shell:Skip shell extension 'powershell' for command environment: Not usable outside of PowerShell
[5.391s] DEBUG:colcon.colcon_core.shell:Skip shell extension 'dsv' for command environment
[6.216s] DEBUG:colcon.colcon_core.event_handler.log_command:Invoking command in '/home/kaede/ros2_ws/src/mypkg': PYTHONPATH=/home/kaede/ros2_ws/src/mypkg/build/mypkg/prefix_override:/home/kaede/ros2_ws/src/mypkg/install/mypkg/lib/python3.8/site-packages:${PYTHONPATH} /usr/bin/python3 setup.py egg_info --egg-base build/mypkg build --build-base /home/kaede/ros2_ws/src/mypkg/build/mypkg/build install --record /home/kaede/ros2_ws/src/mypkg/build/mypkg/install.log --install-scripts $base/lib/mypkg --single-version-externally-managed
[6.774s] DEBUG:colcon.colcon_core.event_handler.log_command:Invoked command in '/home/kaede/ros2_ws/src/mypkg' returned '0': PYTHONPATH=/home/kaede/ros2_ws/src/mypkg/build/mypkg/prefix_override:/home/kaede/ros2_ws/src/mypkg/install/mypkg/lib/python3.8/site-packages:${PYTHONPATH} /usr/bin/python3 setup.py egg_info --egg-base build/mypkg build --build-base /home/kaede/ros2_ws/src/mypkg/build/mypkg/build install --record /home/kaede/ros2_ws/src/mypkg/build/mypkg/install.log --install-scripts $base/lib/mypkg --single-version-externally-managed
[6.842s] Level 1:colcon.colcon_core.environment:checking '/home/kaede/ros2_ws/src/mypkg/install/mypkg' for CMake module files
[6.843s] Level 1:colcon.colcon_core.environment:checking '/home/kaede/ros2_ws/src/mypkg/install/mypkg' for CMake config files
[6.844s] Level 1:colcon.colcon_core.environment:checking '/home/kaede/ros2_ws/src/mypkg/install/mypkg/lib'
[6.844s] Level 1:colcon.colcon_core.environment:checking '/home/kaede/ros2_ws/src/mypkg/install/mypkg/bin'
[6.844s] Level 1:colcon.colcon_core.environment:checking '/home/kaede/ros2_ws/src/mypkg/install/mypkg/lib/pkgconfig/mypkg.pc'
[6.845s] Level 1:colcon.colcon_core.environment:checking '/home/kaede/ros2_ws/src/mypkg/install/mypkg/lib/python3.8/site-packages'
[6.845s] Level 1:colcon.colcon_core.shell:create_environment_hook('mypkg', 'pythonpath')
[6.906s] INFO:colcon.colcon_core.shell:Creating environment hook '/home/kaede/ros2_ws/src/mypkg/install/mypkg/share/mypkg/hook/pythonpath.ps1'
[6.907s] INFO:colcon.colcon_core.shell:Creating environment descriptor '/home/kaede/ros2_ws/src/mypkg/install/mypkg/share/mypkg/hook/pythonpath.dsv'
[6.908s] INFO:colcon.colcon_core.shell:Creating environment hook '/home/kaede/ros2_ws/src/mypkg/install/mypkg/share/mypkg/hook/pythonpath.sh'
[6.909s] Level 1:colcon.colcon_core.environment:checking '/home/kaede/ros2_ws/src/mypkg/install/mypkg/bin'
[6.909s] Level 1:colcon.colcon_core.environment:create_environment_scripts_only(mypkg)
[6.973s] INFO:colcon.colcon_core.shell:Creating package script '/home/kaede/ros2_ws/src/mypkg/install/mypkg/share/mypkg/package.ps1'
[6.976s] INFO:colcon.colcon_core.shell:Creating package descriptor '/home/kaede/ros2_ws/src/mypkg/install/mypkg/share/mypkg/package.dsv'
[6.978s] INFO:colcon.colcon_core.shell:Creating package script '/home/kaede/ros2_ws/src/mypkg/install/mypkg/share/mypkg/package.sh'
[6.979s] INFO:colcon.colcon_core.shell:Creating package script '/home/kaede/ros2_ws/src/mypkg/install/mypkg/share/mypkg/package.bash'
[6.981s] INFO:colcon.colcon_core.shell:Creating package script '/home/kaede/ros2_ws/src/mypkg/install/mypkg/share/mypkg/package.zsh'
[6.982s] Level 1:colcon.colcon_core.environment:create_file_with_runtime_dependencies(/home/kaede/ros2_ws/src/mypkg/install/mypkg/share/colcon-core/packages/mypkg)
[6.984s] DEBUG:colcon.colcon_parallel_executor.executor.parallel:closing loop
[6.986s] DEBUG:colcon.colcon_parallel_executor.executor.parallel:loop closed
[6.986s] DEBUG:colcon.colcon_parallel_executor.executor.parallel:run_until_complete finished with '0'
[6.986s] DEBUG:colcon.colcon_core.event_reactor:joining thread
[7.147s] INFO:colcon.colcon_core.plugin_system:Skipping extension 'colcon_notification.desktop_notification.notify_send': Could not find 'notify-send'
[7.147s] INFO:colcon.colcon_core.plugin_system:Skipping extension 'colcon_notification.desktop_notification.terminal_notifier': Not used on non-Darwin systems
[7.147s] INFO:colcon.colcon_core.plugin_system:Skipping extension 'colcon_notification.desktop_notification.win32': Not used on non-Windows systems
[7.147s] INFO:colcon.colcon_notification.desktop_notification:Sending desktop notification using 'notify2'
[7.161s] DEBUG:colcon.colcon_notification.desktop_notification.notify2:Failed to initialize notify2: org.freedesktop.DBus.Error.ServiceUnknown: The name org.freedesktop.Notifications was not provided by any .service files
[7.162s] DEBUG:colcon.colcon_core.event_reactor:joined thread
[7.231s] INFO:colcon.colcon_core.shell:Creating prefix script '/home/kaede/ros2_ws/src/mypkg/install/local_setup.ps1'
[7.233s] INFO:colcon.colcon_core.shell:Creating prefix util module '/home/kaede/ros2_ws/src/mypkg/install/_local_setup_util_ps1.py'
[7.238s] INFO:colcon.colcon_core.shell:Creating prefix chain script '/home/kaede/ros2_ws/src/mypkg/install/setup.ps1'
[7.298s] INFO:colcon.colcon_core.shell:Creating prefix script '/home/kaede/ros2_ws/src/mypkg/install/local_setup.sh'
[7.299s] INFO:colcon.colcon_core.shell:Creating prefix util module '/home/kaede/ros2_ws/src/mypkg/install/_local_setup_util_sh.py'
[7.300s] INFO:colcon.colcon_core.shell:Creating prefix chain script '/home/kaede/ros2_ws/src/mypkg/install/setup.sh'
[7.353s] INFO:colcon.colcon_core.shell:Creating prefix script '/home/kaede/ros2_ws/src/mypkg/install/local_setup.bash'
[7.354s] INFO:colcon.colcon_core.shell:Creating prefix chain script '/home/kaede/ros2_ws/src/mypkg/install/setup.bash'
[7.405s] INFO:colcon.colcon_core.shell:Creating prefix script '/home/kaede/ros2_ws/src/mypkg/install/local_setup.zsh'
[7.406s] INFO:colcon.colcon_core.shell:Creating prefix chain script '/home/kaede/ros2_ws/src/mypkg/install/setup.zsh'
