[1.617s] Invoking command in '/home/kaede/ros2_ws/src/mypkg': PYTHONPATH=/home/kaede/ros2_ws/src/mypkg/build/mypkg/prefix_override:/home/kaede/ros2_ws/src/mypkg/install/mypkg/lib/python3.8/site-packages:${PYTHONPATH} /usr/bin/python3 setup.py egg_info --egg-base build/mypkg build --build-base /home/kaede/ros2_ws/src/mypkg/build/mypkg/build install --record /home/kaede/ros2_ws/src/mypkg/build/mypkg/install.log --install-scripts $base/lib/mypkg --single-version-externally-managed
[1.945s] running egg_info
[1.946s] writing build/mypkg/mypkg.egg-info/PKG-INFO
[1.947s] writing dependency_links to build/mypkg/mypkg.egg-info/dependency_links.txt
[1.951s] writing entry points to build/mypkg/mypkg.egg-info/entry_points.txt
[1.951s] writing requirements to build/mypkg/mypkg.egg-info/requires.txt
[1.952s] writing top-level names to build/mypkg/mypkg.egg-info/top_level.txt
[2.026s] reading manifest file 'build/mypkg/mypkg.egg-info/SOURCES.txt'
[2.028s] writing manifest file 'build/mypkg/mypkg.egg-info/SOURCES.txt'
[2.029s] running build
[2.029s] running build_py
[2.030s] copying mypkg/listener.py -> /home/kaede/ros2_ws/src/mypkg/build/mypkg/build/lib/mypkg
[2.030s] running install
[2.031s] running install_lib
[2.033s] copying /home/kaede/ros2_ws/src/mypkg/build/mypkg/build/lib/mypkg/listener.py -> /home/kaede/ros2_ws/src/mypkg/install/mypkg/lib/python3.8/site-packages/mypkg
[2.034s] byte-compiling /home/kaede/ros2_ws/src/mypkg/install/mypkg/lib/python3.8/site-packages/mypkg/listener.py to listener.cpython-38.pyc
[2.037s] running install_data
[2.038s] running install_egg_info
[2.041s] removing '/home/kaede/ros2_ws/src/mypkg/install/mypkg/lib/python3.8/site-packages/mypkg-0.0.0-py3.8.egg-info' (and everything under it)
[2.042s] Copying build/mypkg/mypkg.egg-info to /home/kaede/ros2_ws/src/mypkg/install/mypkg/lib/python3.8/site-packages/mypkg-0.0.0-py3.8.egg-info
[2.044s] running install_scripts
[2.074s] Installing listener script to /home/kaede/ros2_ws/src/mypkg/install/mypkg/lib/mypkg
[2.075s] Installing talker script to /home/kaede/ros2_ws/src/mypkg/install/mypkg/lib/mypkg
[2.076s] writing list of installed files to '/home/kaede/ros2_ws/src/mypkg/build/mypkg/install.log'
[2.119s] Invoked command in '/home/kaede/ros2_ws/src/mypkg' returned '0': PYTHONPATH=/home/kaede/ros2_ws/src/mypkg/build/mypkg/prefix_override:/home/kaede/ros2_ws/src/mypkg/install/mypkg/lib/python3.8/site-packages:${PYTHONPATH} /usr/bin/python3 setup.py egg_info --egg-base build/mypkg build --build-base /home/kaede/ros2_ws/src/mypkg/build/mypkg/build install --record /home/kaede/ros2_ws/src/mypkg/build/mypkg/install.log --install-scripts $base/lib/mypkg --single-version-externally-managed
